<?xml version="1.0" encoding="UTF-8"?>
<testng-results ignored="0" total="4" passed="3" failed="1" skipped="0">
  <reporter-output>
  </reporter-output>
  <suite started-at="2024-01-19T18:57:43 IST" name="Suite" finished-at="2024-01-19T18:58:38 IST" duration-ms="55111">
    <groups>
    </groups>
    <test started-at="2024-01-19T18:57:43 IST" name="Test" finished-at="2024-01-19T18:58:38 IST" duration-ms="55111">
      <class name="com.Day1">
        <test-method signature="loginCheck(java.lang.String,java.lang.String,java.lang.String,org.testng.ITestContext)[pri:0, instance:com.Day1@16293aa2]" started-at="2024-01-19T18:57:43 IST" name="loginCheck" data-provider="dp" finished-at="2024-01-19T18:57:58 IST" duration-ms="14662" status="PASS">
          <params>
            <param index="0">
              <value>
                <![CDATA[mngr546405]]>
              </value>
            </param>
            <param index="1">
              <value>
                <![CDATA[sanEpYv]]>
              </value>
            </param>
            <param index="2">
              <value>
                <![CDATA[Guru99 Bank Manager HomePage]]>
              </value>
            </param>
            <param index="3">
              <value>
                <![CDATA[org.testng.TestRunner@7b02881e]]>
              </value>
            </param>
          </params>
          <reporter-output>
          </reporter-output>
        </test-method> <!-- loginCheck -->
        <test-method signature="loginCheck(java.lang.String,java.lang.String,java.lang.String,org.testng.ITestContext)[pri:0, instance:com.Day1@16293aa2]" started-at="2024-01-19T18:57:58 IST" name="loginCheck" data-provider="dp" finished-at="2024-01-19T18:58:11 IST" duration-ms="13052" status="FAIL">
          <params>
            <param index="0">
              <value>
                <![CDATA[mngr546405]]>
              </value>
            </param>
            <param index="1">
              <value>
                <![CDATA[sanEpYvddd]]>
              </value>
            </param>
            <param index="2">
              <value>
                <![CDATA[Guru99 Bank Home Page1]]>
              </value>
            </param>
            <param index="3">
              <value>
                <![CDATA[org.testng.TestRunner@7b02881e]]>
              </value>
            </param>
          </params>
          <exception class="java.lang.AssertionError">
            <message>
              <![CDATA[expected [Guru99 Bank Home Page1] but found [Guru99 Bank Home Page]]]>
            </message>
            <full-stacktrace>
              <![CDATA[java.lang.AssertionError: expected [Guru99 Bank Home Page1] but found [Guru99 Bank Home Page]
at org.testng.Assert.fail(Assert.java:111)
at org.testng.Assert.failNotEquals(Assert.java:1578)
at org.testng.Assert.assertEqualsImpl(Assert.java:150)
at org.testng.Assert.assertEquals(Assert.java:132)
at org.testng.Assert.assertEquals(Assert.java:656)
at org.testng.Assert.assertEquals(Assert.java:666)
at com.Day1.loginCheck(Day1.java:40)
at java.base/jdk.internal.reflect.NativeMethodAccessorImpl.invoke0(Native Method)
at java.base/jdk.internal.reflect.NativeMethodAccessorImpl.invoke(NativeMethodAccessorImpl.java:77)
at java.base/jdk.internal.reflect.DelegatingMethodAccessorImpl.invoke(DelegatingMethodAccessorImpl.java:43)
at java.base/java.lang.reflect.Method.invoke(Method.java:568)
at org.testng.internal.invokers.MethodInvocationHelper.invokeMethod(MethodInvocationHelper.java:139)
at org.testng.internal.invokers.TestInvoker.invokeMethod(TestInvoker.java:664)
at org.testng.internal.invokers.TestInvoker.invokeTestMethod(TestInvoker.java:227)
at org.testng.internal.invokers.MethodRunner.runInSequence(MethodRunner.java:50)
at org.testng.internal.invokers.TestInvoker$MethodInvocationAgent.invoke(TestInvoker.java:957)
at org.testng.internal.invokers.TestInvoker.invokeTestMethods(TestInvoker.java:200)
at org.testng.internal.invokers.TestMethodWorker.invokeTestMethods(TestMethodWorker.java:148)
at org.testng.internal.invokers.TestMethodWorker.run(TestMethodWorker.java:128)
at java.base/java.util.ArrayList.forEach(ArrayList.java:1511)
at org.testng.TestRunner.privateRun(TestRunner.java:848)
at org.testng.TestRunner.run(TestRunner.java:621)
at org.testng.SuiteRunner.runTest(SuiteRunner.java:443)
at org.testng.SuiteRunner.runSequentially(SuiteRunner.java:437)
at org.testng.SuiteRunner.privateRun(SuiteRunner.java:397)
at org.testng.SuiteRunner.run(SuiteRunner.java:336)
at org.testng.SuiteRunnerWorker.runSuite(SuiteRunnerWorker.java:52)
at org.testng.SuiteRunnerWorker.run(SuiteRunnerWorker.java:95)
at org.testng.TestNG.runSuitesSequentially(TestNG.java:1280)
at org.testng.TestNG.runSuitesLocally(TestNG.java:1200)
at org.testng.TestNG.runSuites(TestNG.java:1114)
at org.testng.TestNG.run(TestNG.java:1082)
at org.testng.remote.AbstractRemoteTestNG.run(AbstractRemoteTestNG.java:115)
at org.testng.remote.RemoteTestNG.initAndRun(RemoteTestNG.java:251)
at org.testng.remote.RemoteTestNG.main(RemoteTestNG.java:77)
]]>
            </full-stacktrace>
          </exception> <!-- java.lang.AssertionError -->
          <reporter-output>
          </reporter-output>
        </test-method> <!-- loginCheck -->
        <test-method signature="loginCheck(java.lang.String,java.lang.String,java.lang.String,org.testng.ITestContext)[pri:0, instance:com.Day1@16293aa2]" started-at="2024-01-19T18:58:11 IST" name="loginCheck" data-provider="dp" finished-at="2024-01-19T18:58:24 IST" duration-ms="12398" status="PASS">
          <params>
            <param index="0">
              <value>
                <![CDATA[gmngr546405dsd]]>
              </value>
            </param>
            <param index="1">
              <value>
                <![CDATA[sanEpYv]]>
              </value>
            </param>
            <param index="2">
              <value>
                <![CDATA[Guru99 Bank Home Page]]>
              </value>
            </param>
            <param index="3">
              <value>
                <![CDATA[org.testng.TestRunner@7b02881e]]>
              </value>
            </param>
          </params>
          <reporter-output>
          </reporter-output>
        </test-method> <!-- loginCheck -->
        <test-method signature="loginCheck(java.lang.String,java.lang.String,java.lang.String,org.testng.ITestContext)[pri:0, instance:com.Day1@16293aa2]" started-at="2024-01-19T18:58:24 IST" name="loginCheck" data-provider="dp" finished-at="2024-01-19T18:58:38 IST" duration-ms="14649" status="PASS">
          <params>
            <param index="0">
              <value>
                <![CDATA[gmngr54640dsds5]]>
              </value>
            </param>
            <param index="1">
              <value>
                <![CDATA[sanEpYvds]]>
              </value>
            </param>
            <param index="2">
              <value>
                <![CDATA[Guru99 Bank Home Page]]>
              </value>
            </param>
            <param index="3">
              <value>
                <![CDATA[org.testng.TestRunner@7b02881e]]>
              </value>
            </param>
          </params>
          <reporter-output>
          </reporter-output>
        </test-method> <!-- loginCheck -->
      </class> <!-- com.Day1 -->
    </test> <!-- Test -->
  </suite> <!-- Suite -->
</testng-results>
