<?xml version="1.0" encoding="UTF-8"?>
<!-- Generated by org.testng.reporters.JUnitXMLReporter -->
<testsuite ignored="1" hostname="DESKTOP-KQBH998" failures="1" tests="5" name="Test1" time="0.309" errors="0" timestamp="2024-01-05T18:48:31 IST">
  <testcase classname="com.Payment" name="cod" time="0.034"/>
  <testcase classname="com.Payment" name="creditCard" time="0.004"/>
  <testcase classname="com.Payment" name="debitCard" time="0.03">
    <failure type="java.lang.AssertionError" message="expected [true] but found [false]">
      <![CDATA[java.lang.AssertionError: expected [true] but found [false]
at com.Payment.debitCard(Payment.java:19)
at java.base/java.util.ArrayList.forEach(ArrayList.java:1511)
... Removed 31 stack frames]]>
    </failure>
  </testcase> <!-- debitCard -->
  <testcase classname="com.Account" name="currentAccout" time="0.005"/>
  <testcase classname="com.Account" name="loanAccount" time="0.005"/>
  <testcase classname="com.Account" name="savingAccount" time="0.0">
    <ignored/>
  </testcase> <!-- savingAccount -->
</testsuite> <!-- Test1 -->
